#! /c/iverilog/bin/vvp
:ivl_version "0.9.7 " "(v0_9_7)";
:vpi_time_precision + 0;
:vpi_module "system";
:vpi_module "v2005_math";
:vpi_module "va_math";
S_01181518 .scope module, "ram1" "ram1" 2 1;
 .timescale 0 0;
L_0118EAE0 .functor AND 1, C4<z>, C4<z>, C4<1>, C4<1>;
v01188268_0 .net *"_s0", 0 0, L_0118EAE0; 1 drivers
v01188778_0 .net *"_s2", 7 0, C4<zzzzzzzz>; 0 drivers
v011815A0_0 .net "addr", 9 0, C4<zzzzzzzzzz>; 0 drivers
v011815F8_0 .net "clk", 0 0, C4<z>; 0 drivers
v01181650_0 .net "cs", 0 0, C4<z>; 0 drivers
v0118E8F8_0 .var "d_out", 7 0;
v0118E950_0 .net "data", 7 0, L_0118EB18; 1 drivers
v0118E9A8 .array "mem", 0 1023, 7 0;
v0118EA00_0 .net "rd", 0 0, C4<z>; 0 drivers
v0118EA88_0 .net "wr", 0 0, C4<z>; 0 drivers
E_01187DC0 .event posedge, v011815F8_0;
L_0118EB18 .functor MUXZ 8, C4<zzzzzzzz>, v0118E8F8_0, L_0118EAE0, C4<>;
    .scope S_01181518;
T_0 ;
    %wait E_01187DC0;
    %load/v 8, v01181650_0, 1;
    %load/v 9, v0118EA88_0, 1;
    %and 8, 9, 1;
    %load/v 9, v0118EA00_0, 1;
    %inv 9, 1;
    %and 8, 9, 1;
    %jmp/0xz  T_0.0, 8;
    %load/v 8, v0118E950_0, 8;
    %ix/getv 3, v011815A0_0;
   %jmp/1 t_0, 4;
   %ix/load 1, 0, 0;
   %set/av v0118E9A8, 8, 8;
t_0 ;
T_0.0 ;
    %jmp T_0;
    .thread T_0;
    .scope S_01181518;
T_1 ;
    %wait E_01187DC0;
    %load/v 8, v01181650_0, 1;
    %load/v 9, v0118EA00_0, 1;
    %and 8, 9, 1;
    %load/v 9, v0118EA88_0, 1;
    %inv 9, 1;
    %and 8, 9, 1;
    %jmp/0xz  T_1.0, 8;
    %ix/getv 3, v011815A0_0;
    %load/av 8, v0118E9A8, 8;
    %set/v v0118E8F8_0, 8, 8;
T_1.0 ;
    %jmp T_1;
    .thread T_1;
# The file index is used to find the file name in the following table.
:file_names 3;
    "N/A";
    "<interactive>";
    "ram.v";
