#! /c/iverilog/bin/vvp
:ivl_version "0.9.7 " "(v0_9_7)";
:vpi_time_precision + 0;
:vpi_module "system";
:vpi_module "v2005_math";
:vpi_module "va_math";
S_01337C80 .scope module, "pipe_ex" "pipe_ex" 2 1;
 .timescale 0 0;
P_01181BF4 .param/l "N" 2 2, +C4<01010>;
v01183F70_0 .net "A", 9 0, C4<zzzzzzzzzz>; 0 drivers
v01183880_0 .net "B", 9 0, C4<zzzzzzzzzz>; 0 drivers
v011839A8_0 .net "C", 9 0, C4<zzzzzzzzzz>; 0 drivers
v013315F8_0 .net "D", 9 0, C4<zzzzzzzzzz>; 0 drivers
v01331650_0 .net "F", 9 0, v0133E6C0_0; 1 drivers
v013316A8_0 .var "L12_D", 9 0;
v0133E560_0 .var "L12_x1", 9 0;
v0133E5B8_0 .var "L12_x2", 9 0;
v0133E610_0 .var "L23_D", 9 0;
v0133E668_0 .var "L23_x3", 9 0;
v0133E6C0_0 .var "L34_F", 9 0;
v0133E718_0 .net "clk", 0 0, C4<z>; 0 drivers
E_011818B0 .event posedge, v0133E718_0;
    .scope S_01337C80;
T_0 ;
    %wait E_011818B0;
    %load/v 8, v01183F70_0, 10;
    %load/v 18, v01183880_0, 10;
    %add 8, 18, 10;
    %ix/load 0, 10, 0;
    %assign/v0 v0133E560_0, 4, 8;
    %load/v 8, v011839A8_0, 10;
    %load/v 18, v013315F8_0, 10;
    %sub 8, 18, 10;
    %ix/load 0, 10, 0;
    %assign/v0 v0133E5B8_0, 4, 8;
    %load/v 8, v013315F8_0, 10;
    %ix/load 0, 10, 0;
    %assign/v0 v013316A8_0, 0, 8;
    %jmp T_0;
    .thread T_0;
    .scope S_01337C80;
T_1 ;
    %wait E_011818B0;
    %load/v 8, v0133E560_0, 10;
    %load/v 18, v0133E5B8_0, 10;
    %add 8, 18, 10;
    %ix/load 0, 10, 0;
    %assign/v0 v0133E668_0, 4, 8;
    %load/v 8, v013316A8_0, 10;
    %ix/load 0, 10, 0;
    %assign/v0 v0133E610_0, 4, 8;
    %jmp T_1;
    .thread T_1;
    .scope S_01337C80;
T_2 ;
    %wait E_011818B0;
    %load/v 8, v0133E668_0, 10;
    %load/v 18, v0133E610_0, 10;
    %mul 8, 18, 10;
    %ix/load 0, 10, 0;
    %assign/v0 v0133E6C0_0, 4, 8;
    %jmp T_2;
    .thread T_2;
# The file index is used to find the file name in the following table.
:file_names 3;
    "N/A";
    "<interactive>";
    "pipe.v";
