#! /c/iverilog/bin/vvp
:ivl_version "0.9.7 " "(v0_9_7)";
:vpi_time_precision + 0;
:vpi_module "system";
:vpi_module "v2005_math";
:vpi_module "va_math";
S_012D33E0 .scope module, "ram3" "ram3" 2 1;
 .timescale 0 0;
P_012D3374 .param/l "addr_size" 2 3, +C4<01010>;
P_012D3388 .param/l "memory_size" 2 5, +C4<010000000000>;
P_012D339C .param/l "word_size" 2 4, +C4<01000>;
L_012DD858 .functor BUFZ 8, L_012DD800, C4<00000000>, C4<00000000>, C4<00000000>;
v012D1668_0 .net *"_s0", 7 0, L_012DD800; 1 drivers
v012D16C0_0 .net "addr", 9 0, C4<zzzzzzzzzz>; 0 drivers
v012DD648_0 .net "cs", 0 0, C4<z>; 0 drivers
v012DD6A0_0 .net "data_in", 7 0, C4<zzzzzzzz>; 0 drivers
v012DD6F8_0 .net "data_out", 7 0, L_012DD858; 1 drivers
v012DD750 .array "mem", 0 1023, 7 0;
v012DD7A8_0 .net "wr", 0 0, C4<z>; 0 drivers
E_012D4AA0 .event edge, v012DD648_0, v012DD7A8_0;
L_012DD800 .array/port v012DD750, C4<zzzzzzzzzz>;
    .scope S_012D33E0;
T_0 ;
    %wait E_012D4AA0;
    %load/v 8, v012DD7A8_0, 1;
    %jmp/0xz  T_0.0, 8;
    %load/v 8, v012DD6A0_0, 8;
    %ix/getv 3, v012D16C0_0;
   %jmp/1 t_0, 4;
   %ix/load 1, 0, 0;
   %set/av v012DD750, 8, 8;
t_0 ;
T_0.0 ;
    %jmp T_0;
    .thread T_0, $push;
# The file index is used to find the file name in the following table.
:file_names 3;
    "N/A";
    "<interactive>";
    "ram3.v";
