#! /c/iverilog/bin/vvp
:ivl_version "0.9.7 " "(v0_9_7)";
:vpi_time_precision + 0;
:vpi_module "system";
:vpi_module "v2005_math";
:vpi_module "va_math";
S_01359AB8 .scope module, "regbank_v4" "regbank_v4" 2 3;
 .timescale 0 0;
L_0135E988 .functor BUFZ 32, L_011ED990, C4<00000000000000000000000000000000>, C4<00000000000000000000000000000000>, C4<00000000000000000000000000000000>;
L_0135E9F8 .functor BUFZ 32, L_011EE018, C4<00000000000000000000000000000000>, C4<00000000000000000000000000000000>, C4<00000000000000000000000000000000>;
v013583A8_0 .net *"_s0", 31 0, L_011ED990; 1 drivers
v01351548_0 .net *"_s4", 31 0, L_011EE018; 1 drivers
v013515A0_0 .net "clk", 0 0, C4<z>; 0 drivers
v013515F8_0 .net "dr", 4 0, C4<zzzzz>; 0 drivers
v01351650_0 .var/i "k", 31 0;
v0135E6C8_0 .net "rdData1", 31 0, L_0135E988; 1 drivers
v0135E720_0 .net "rdData2", 31 0, L_0135E9F8; 1 drivers
v0135E778 .array "regfile", 31 0, 31 0;
v0135E7D0_0 .net "reset", 0 0, C4<z>; 0 drivers
v0135E828_0 .net "sr1", 4 0, C4<zzzzz>; 0 drivers
v0135E880_0 .net "sr2", 4 0, C4<zzzzz>; 0 drivers
v0135E8D8_0 .net "wrdata", 31 0, C4<zzzzzzzzzzzzzzzzzzzzzzzzzzzzzzzz>; 0 drivers
v0135E930_0 .net "write", 0 0, C4<z>; 0 drivers
E_013547C8 .event posedge, v013515A0_0;
L_011ED990 .array/port v0135E778, C4<zzzzz>;
L_011EE018 .array/port v0135E778, C4<zzzzz>;
    .scope S_01359AB8;
T_0 ;
    %wait E_013547C8;
    %load/v 8, v0135E7D0_0, 1;
    %jmp/0xz  T_0.0, 8;
    %set/v v01351650_0, 0, 32;
T_0.2 ;
    %load/v 8, v01351650_0, 32;
   %cmpi/s 8, 32, 32;
    %jmp/0xz T_0.3, 5;
    %ix/getv/s 3, v01351650_0;
    %jmp/1 t_0, 4;
    %ix/load 0, 32, 0; word width
    %ix/load 1, 0, 0; part off
    %assign/av v0135E778, 0, 0;
t_0 ;
    %ix/load 0, 1, 0;
    %load/vp0/s 8, v01351650_0, 32;
    %set/v v01351650_0, 8, 32;
    %jmp T_0.2;
T_0.3 ;
    %jmp T_0.1;
T_0.0 ;
    %load/v 8, v0135E930_0, 1;
    %jmp/0xz  T_0.4, 8;
    %load/v 8, v0135E8D8_0, 32;
    %ix/getv 3, v013515F8_0;
    %jmp/1 t_1, 4;
    %ix/load 0, 32, 0; word width
    %ix/load 1, 0, 0; part off
    %assign/av v0135E778, 0, 8;
t_1 ;
T_0.4 ;
T_0.1 ;
    %jmp T_0;
    .thread T_0;
# The file index is used to find the file name in the following table.
:file_names 3;
    "N/A";
    "<interactive>";
    "32bitreg.v";
